<?xml version="1.0" encoding="UTF-8"?>
<!-- Generated by org.testng.reporters.JUnitReportReporter -->
<testsuite skipped="0" hostname="Dhanush" name="org.testing.Sample1" tests="1" failures="0" timestamp="08 Dec 2021 17:44:33 GMT" time="0.003" errors="0">
  <testcase name="tc1" time="0.003" classname="org.testing.Sample1"/>
</testsuite> <!-- org.testing.Sample1 -->
