<?xml version="1.0" encoding="UTF-8"?>
<!-- Generated by org.testng.reporters.JUnitReportReporter -->
<testsuite skipped="0" hostname="Dhanush" name="org.testing.Sample" tests="2" failures="0" timestamp="10 Dec 2021 08:43:37 GMT" time="0.019" errors="0">
  <testcase name="tc3" time="0.018" classname="org.testing.Sample"/>
  <testcase name="tc4" time="0.001" classname="org.testing.Sample"/>
</testsuite> <!-- org.testing.Sample -->
