<?xml version="1.0" encoding="UTF-8"?>
<!-- Generated by org.testng.reporters.JUnitReportReporter -->
<testsuite skipped="0" hostname="Dhanush" name="org.testing.TestNGOrder" tests="3" failures="0" timestamp="07 Dec 2021 15:56:40 GMT" time="0.016" errors="0">
  <testcase name="tc1" time="0.016" classname="org.testing.TestNGOrder"/>
  <testcase name="tc3" time="0.000" classname="org.testing.TestNGOrder"/>
  <testcase name="tc2" time="0.000" classname="org.testing.TestNGOrder"/>
</testsuite> <!-- org.testing.TestNGOrder -->
